#
# A fatal error has been detected by the Java Runtime Environment:
#
#  SIGSEGV (0xb) at pc=0x000000010ae6dd20, pid=13577, tid=16643
#
# JRE version: Java(TM) SE Runtime Environment (8.0_40-b25) (build 1.8.0_40-b25)
# Java VM: Java HotSpot(TM) 64-Bit Server VM (25.40-b25 mixed mode bsd-amd64 compressed oops)
# Problematic frame:
# V  [libjvm.dylib+0x432d20]
#
# Failed to write core dump. Core dumps have been disabled. To enable core dumping, try "ulimit -c unlimited" before starting Java again
#
# If you would like to submit a bug report, please visit:
#   http://bugreport.java.com/bugreport/crash.jsp
#

---------------  T H R E A D  ---------------

Current thread (0x00007fe5b4004800):  JavaThread "JDWP Transport Listener: dt_socket" daemon [_thread_in_vm, id=16643, stack(0x00000001a1a9b000,0x00000001a1b9b000)]

siginfo: si_signo: 11 (SIGSEGV), si_code: 0 (unknown), si_addr: 0x0000000000000000

Registers:
RAX=0x0000000000000001, RBX=0x00000001a1b9aa8b, RCX=0x000000010b235190, RDX=0x00000001a1b9aa8b
RSP=0x00000001a1b9a9d0, RBP=0x00000001a1b9a9e0, RSI=0x00007fe5b4004800, RDI=0xc000000000000000
R8 =0x0000000000000000, R9 =0x00007fe5b3500000, R10=0x0000000000000010, R11=0x00007fe5b3500000
R12=0x00007fe5b4004800, R13=0xc000000000000000, R14=0xc000000000000000, R15=0x00007fe5b3701210
RIP=0x000000010ae6dd20, EFLAGS=0x0000000000010286, ERR=0x0000000000000000
  TRAPNO=0x000000000000000d

Top of Stack: (sp=0x00000001a1b9a9d0)
0x00000001a1b9a9d0:   00000001a1b9aa8b 00000001a1b9aa8b
0x00000001a1b9a9e0:   00000001a1b9aa40 000000010ad7e11a
0x00000001a1b9a9f0:   00007fe5b4004800 0000000000000000
0x00000001a1b9aa00:   0000000000000000 0000000000000000
0x00000001a1b9aa10:   00007fe5b4004800 00007fe5b4004800
0x00000001a1b9aa20:   00000001a1b9aa8b 00000001a1b9aa90
0x00000001a1b9aa30:   c000000000000000 0000000000000004
0x00000001a1b9aa40:   00000001a1b9aa60 000000010c323780
0x00000001a1b9aa50:   0000000000000001 00000001a1b9ab08
0x00000001a1b9aa60:   00000001a1b9aad0 000000010c3081f3
0x00000001a1b9aa70:   00000001a1b9aaa0 00007fe5b3540f40
0x00000001a1b9aa80:   0000000500000032 0000000100b9ab08
0x00000001a1b9aa90:   0000000000000000 0000000000000000
0x00000001a1b9aaa0:   0000000000000000 00000001a1b9ac90
0x00000001a1b9aab0:   000000010c32ae7a 00007fe5b3732980
0x00000001a1b9aac0:   00000001a1b9ab08 000000010c336598
0x00000001a1b9aad0:   00000001a1b9aae0 000000010c3082ec
0x00000001a1b9aae0:   00000001a1b9ad00 000000010c311898
0x00000001a1b9aaf0:   00000f2b00000013 00000000000f0200
0x00000001a1b9ab00:   00007fe5b3731d50 00000001a1b9ac4e
0x00000001a1b9ab10:   00007fe500000036 00000001a1b9ab20
0x00000001a1b9ab20:   00007fe5000000f6 00000001a1b9ab58
0x00000001a1b9ab30:   0000000000000000 00007f0000000000
0x00000001a1b9ab40:   00000f2b0000000b 00007fff00009f80
0x00000001a1b9ab50:   00000001a1b9ab58 e57f000005000000
0x00000001a1b9ab60:   08000000b01e72b3 30246164626d616c
0x00000001a1b9ab70:   61634c2823000000 7365522f6168636e
0x00000001a1b9ab80:   61634c3b61767265 7365522f6168636e
0x00000001a1b9ab90:   005a293b61767265 000a1000f0000000
0x00000001a1b9aba0:   00281854b3e57f00 64626d616c080000
0x00000001a1b9abb0:   2823000000312461 2f6168636e61634c
0x00000001a1b9abc0:   3b61767265736552 2f6168636e61634c 

Instructions: (pc=0x000000010ae6dd20)
0x000000010ae6dd00:   40 48 48 85 c0 75 e0 30 c0 0f b6 c0 5d c3 31 c0
0x000000010ae6dd10:   5d c3 55 48 89 e5 53 48 83 ec 08 48 85 ff 74 24
0x000000010ae6dd20:   48 8b 1f 48 85 db 74 1c 48 83 fb 37 74 16 48 8b
0x000000010ae6dd30:   03 48 89 df ff 50 10 84 c0 b8 00 00 00 00 48 0f 

Register to memory mapping:

RAX=0x0000000000000001 is an unknown value
RBX=0x00000001a1b9aa8b is pointing into the stack for thread: 0x00007fe5b4004800
RCX=0x000000010b235190: UseMembar+0 in /Library/Java/JavaVirtualMachines/jdk1.8.0_40.jdk/Contents/Home/jre/lib/server/libjvm.dylib at 0x000000010aa3b000
RDX=0x00000001a1b9aa8b is pointing into the stack for thread: 0x00007fe5b4004800
RSP=0x00000001a1b9a9d0 is pointing into the stack for thread: 0x00007fe5b4004800
RBP=0x00000001a1b9a9e0 is pointing into the stack for thread: 0x00007fe5b4004800
RSI=0x00007fe5b4004800 is a thread
RDI=0xc000000000000000 is an unknown value
R8 =0x0000000000000000 is an unknown value
R9 =0x00007fe5b3500000 is an unknown value
R10=0x0000000000000010 is an unknown value
R11=0x00007fe5b3500000 is an unknown value
R12=0x00007fe5b4004800 is a thread
R13=0xc000000000000000 is an unknown value
R14=0xc000000000000000 is an unknown value
R15=0x00007fe5b3701210 is an unknown value


Stack: [0x00000001a1a9b000,0x00000001a1b9b000],  sp=0x00000001a1b9a9d0,  free space=1022k
Native frames: (J=compiled Java code, j=interpreted, Vv=VM code, C=native code)
V  [libjvm.dylib+0x432d20]
V  [libjvm.dylib+0x34311a]
C  [libjdwp.dylib+0x20780]  isMethodSynthetic+0x63
C  [libjdwp.dylib+0x51f3]  methods1+0x10b
C  [libjdwp.dylib+0x52ec]  methodsWithGeneric+0xe
C  [libjdwp.dylib+0xe898]  debugLoop_run+0x1ce
C  [libjdwp.dylib+0x1f6ba]  attachThread+0x4d
V  [libjvm.dylib+0x384060]
V  [libjvm.dylib+0x549acf]
V  [libjvm.dylib+0x54b1c0]
V  [libjvm.dylib+0x46ea8e]
C  [libsystem_pthread.dylib+0x3268]  _pthread_body+0x83
C  [libsystem_pthread.dylib+0x31e5]  _pthread_body+0x0
C  [libsystem_pthread.dylib+0x141d]  thread_start+0xd
C  0x0000000000000000


---------------  P R O C E S S  ---------------

Java Threads: ( => current thread )
  0x00007fe5b400c800 JavaThread "ReaderThread" [_thread_in_native, id=20739, stack(0x00000001a231c000,0x00000001a241c000)]
  0x00007fe5b502f000 JavaThread "Service Thread" daemon [_thread_blocked, id=19715, stack(0x00000001a20ad000,0x00000001a21ad000)]
  0x00007fe5b4008000 JavaThread "C1 CompilerThread2" daemon [_thread_blocked, id=19203, stack(0x00000001a1faa000,0x00000001a20aa000)]
  0x00007fe5b3818800 JavaThread "C2 CompilerThread1" daemon [_thread_blocked, id=18691, stack(0x00000001a1ea7000,0x00000001a1fa7000)]
  0x00007fe5b3817000 JavaThread "C2 CompilerThread0" daemon [_thread_blocked, id=18179, stack(0x00000001a1da4000,0x00000001a1ea4000)]
  0x00007fe5b4006000 JavaThread "JDWP Command Reader" daemon [_thread_in_native, id=17667, stack(0x00000001a1ca1000,0x00000001a1da1000)]
  0x00007fe5b3816000 JavaThread "JDWP Event Helper Thread" daemon [_thread_blocked, id=17155, stack(0x00000001a1b9e000,0x00000001a1c9e000)]
=>0x00007fe5b4004800 JavaThread "JDWP Transport Listener: dt_socket" daemon [_thread_in_vm, id=16643, stack(0x00000001a1a9b000,0x00000001a1b9b000)]
  0x00007fe5b5036800 JavaThread "Signal Dispatcher" daemon [_thread_blocked, id=13335, stack(0x00000001a1991000,0x00000001a1a91000)]
  0x00007fe5b4855800 JavaThread "Finalizer" daemon [_thread_blocked, id=11523, stack(0x000000019ff75000,0x00000001a0075000)]
  0x00007fe5b500c000 JavaThread "Reference Handler" daemon [_thread_blocked, id=11011, stack(0x000000019fe72000,0x000000019ff72000)]
  0x00007fe5b4800800 JavaThread "main" [_thread_blocked, id=4867, stack(0x000000010c201000,0x000000010c301000)]

Other Threads:
  0x00007fe5b4855000 VMThread [stack: 0x000000019fd6f000,0x000000019fe6f000] [id=10499]
  0x00007fe5b502d800 WatcherThread [stack: 0x00000001a21b0000,0x00000001a22b0000] [id=20227]

VM state:not at safepoint (normal execution)

VM Mutex/Monitor currently owned by a thread: None

Heap:
 PSYoungGen      total 18944K, used 7211K [0x0000000146500000, 0x0000000147a00000, 0x000000015ba00000)
  eden space 16384K, 44% used [0x0000000146500000,0x0000000146c0ae30,0x0000000147500000)
  from space 2560K, 0% used [0x0000000147780000,0x0000000147780000,0x0000000147a00000)
  to   space 2560K, 0% used [0x0000000147500000,0x0000000147500000,0x0000000147780000)
 ParOldGen       total 44032K, used 0K [0x000000011ba00000, 0x000000011e500000, 0x0000000146500000)
  object space 44032K, 0% used [0x000000011ba00000,0x000000011ba00000,0x000000011e500000)
 Metaspace       used 7089K, capacity 7276K, committed 7552K, reserved 1056768K
  class space    used 783K, capacity 828K, committed 896K, reserved 1048576K

Card table byte_map: [0x000000015ba00000,0x000000015bc01000] byte_map_base: 0x000000015b123000

Marking Bits: (ParMarkBitMap*) 0x000000010b2fd7a0
 Begin Bits: [0x000000015c163000, 0x000000015d163000)
 End Bits:   [0x000000015d163000, 0x000000015e163000)

Polling page: 0x000000010b9fe000

CodeCache: size=245760Kb used=2024Kb max_used=2026Kb free=243735Kb
 bounds [0x000000010c363000, 0x000000010c5d3000, 0x000000011b363000]
 total_blobs=760 nmethods=453 adapters=229
 compilation: enabled

Compilation events (10 events):
Event: 0.596 Thread 0x00007fe5b3818800 nmethod 426 0x000000010c55d350 code [0x000000010c55d4e0, 0x000000010c55dbe8]
Event: 0.596 Thread 0x00007fe5b4008000 nmethod 449 0x000000010c55a7d0 code [0x000000010c55a940, 0x000000010c55abf0]
Event: 0.596 Thread 0x00007fe5b4008000  450       3       java.lang.invoke.MethodType::checkPtypes (61 bytes)
Event: 0.597 Thread 0x00007fe5b4008000 nmethod 450 0x000000010c55b4d0 code [0x000000010c55b740, 0x000000010c55c498]
Event: 0.598 Thread 0x00007fe5b4008000  451       3       jdk.internal.org.objectweb.asm.ClassWriter::newClass (9 bytes)
Event: 0.598 Thread 0x00007fe5b4008000 nmethod 451 0x000000010c55b0d0 code [0x000000010c55b240, 0x000000010c55b408]
Event: 0.599 Thread 0x00007fe5b4008000  452       3       java.lang.invoke.MethodType::methodType (7 bytes)
Event: 0.599 Thread 0x00007fe5b4008000 nmethod 452 0x000000010c55a450 code [0x000000010c55a5c0, 0x000000010c55a748]
Event: 0.601 Thread 0x00007fe5b4008000  453       3       jdk.internal.org.objectweb.asm.ClassWriter::put122 (15 bytes)
Event: 0.601 Thread 0x00007fe5b4008000 nmethod 453 0x000000010c559f90 code [0x000000010c55a120, 0x000000010c55a338]

GC Heap History (0 events):
No events

Deoptimization events (0 events):
No events

Internal exceptions (8 events):
Event: 0.065 Thread 0x00007fe5b4800800 Exception <a 'java/lang/NoSuchMethodError': Method sun.misc.Unsafe.defineClass(Ljava/lang/String;[BII)Ljava/lang/Class; name or signature does not match> (0x0000000146512db0) thrown at [/Users/java_re/workspace/8-2-build-macosx-x86_64/jdk8u40/2855/hotspot
Event: 0.065 Thread 0x00007fe5b4800800 Exception <a 'java/lang/NoSuchMethodError': Method sun.misc.Unsafe.prefetchRead(Ljava/lang/Object;J)V name or signature does not match> (0x0000000146513040) thrown at [/Users/java_re/workspace/8-2-build-macosx-x86_64/jdk8u40/2855/hotspot/src/share/vm/prim
Event: 0.306 Thread 0x00007fe5b4800800 Exception <a 'java/security/PrivilegedActionException'> (0x00000001467b0f00) thrown at [/Users/java_re/workspace/8-2-build-macosx-x86_64/jdk8u40/2855/hotspot/src/share/vm/prims/jvm.cpp, line 1382]
Event: 0.306 Thread 0x00007fe5b4800800 Exception <a 'java/security/PrivilegedActionException'> (0x00000001467b1248) thrown at [/Users/java_re/workspace/8-2-build-macosx-x86_64/jdk8u40/2855/hotspot/src/share/vm/prims/jvm.cpp, line 1382]
Event: 0.307 Thread 0x00007fe5b4800800 Exception <a 'java/security/PrivilegedActionException'> (0x00000001467b4758) thrown at [/Users/java_re/workspace/8-2-build-macosx-x86_64/jdk8u40/2855/hotspot/src/share/vm/prims/jvm.cpp, line 1382]
Event: 0.307 Thread 0x00007fe5b4800800 Exception <a 'java/security/PrivilegedActionException'> (0x00000001467b4aa0) thrown at [/Users/java_re/workspace/8-2-build-macosx-x86_64/jdk8u40/2855/hotspot/src/share/vm/prims/jvm.cpp, line 1382]
Event: 0.570 Thread 0x00007fe5b4800800 Exception <a 'java/lang/NoSuchFieldError': method resolution failed> (0x0000000146b7a970) thrown at [/Users/java_re/workspace/8-2-build-macosx-x86_64/jdk8u40/2855/hotspot/src/share/vm/prims/methodHandles.cpp, line 1125]
Event: 0.579 Thread 0x00007fe5b4800800 Exception <a 'java/lang/NoSuchFieldError': method resolution failed> (0x0000000146b895f0) thrown at [/Users/java_re/workspace/8-2-build-macosx-x86_64/jdk8u40/2855/hotspot/src/share/vm/prims/methodHandles.cpp, line 1125]

Events (10 events):
Event: 3712.905 Executing VM operation: RedefineClasses
Event: 3712.910 Executing VM operation: RedefineClasses done
Event: 3712.911 Executing VM operation: EnterInterpOnlyMode
Event: 3712.911 Executing VM operation: EnterInterpOnlyMode done
Event: 3712.911 Executing VM operation: GetCurrentLocation
Event: 3712.911 Executing VM operation: GetCurrentLocation done
Event: 3712.911 Executing VM operation: ChangeSingleStep
Event: 3712.911 Executing VM operation: ChangeSingleStep done
Event: 3712.914 Executing VM operation: ChangeSingleStep
Event: 3712.914 Executing VM operation: ChangeSingleStep done


Dynamic libraries:
0x0000000008b89000 	/System/Library/Frameworks/Cocoa.framework/Versions/A/Cocoa
0x0000000008b89000 	/System/Library/Frameworks/Security.framework/Versions/A/Security
0x0000000008b89000 	/System/Library/Frameworks/ApplicationServices.framework/Versions/A/ApplicationServices
0x0000000008b89000 	/usr/lib/libz.1.dylib
0x0000000008b89000 	/usr/lib/libSystem.B.dylib
0x0000000008b89000 	/usr/lib/libobjc.A.dylib
0x0000000008b89000 	/System/Library/Frameworks/CoreFoundation.framework/Versions/A/CoreFoundation
0x0000000008b89000 	/System/Library/Frameworks/Foundation.framework/Versions/C/Foundation
0x0000000008b89000 	/System/Library/Frameworks/AppKit.framework/Versions/C/AppKit
0x0000000008b89000 	/System/Library/Frameworks/CoreData.framework/Versions/A/CoreData
0x0000000008b89000 	/System/Library/PrivateFrameworks/RemoteViewServices.framework/Versions/A/RemoteViewServices
0x0000000008b89000 	/System/Library/PrivateFrameworks/UIFoundation.framework/Versions/A/UIFoundation
0x0000000008b89000 	/System/Library/Frameworks/IOSurface.framework/Versions/A/IOSurface
0x0000000008b89000 	/System/Library/Frameworks/AudioToolbox.framework/Versions/A/AudioToolbox
0x0000000008b89000 	/System/Library/Frameworks/AudioUnit.framework/Versions/A/AudioUnit
0x0000000008b89000 	/System/Library/PrivateFrameworks/DataDetectorsCore.framework/Versions/A/DataDetectorsCore
0x0000000008b89000 	/System/Library/PrivateFrameworks/DesktopServicesPriv.framework/Versions/A/DesktopServicesPriv
0x0000000008b89000 	/System/Library/Frameworks/Carbon.framework/Versions/A/Frameworks/HIToolbox.framework/Versions/A/HIToolbox
0x0000000008b89000 	/System/Library/Frameworks/QuartzCore.framework/Versions/A/QuartzCore
0x0000000008b89000 	/System/Library/Frameworks/Carbon.framework/Versions/A/Frameworks/SpeechRecognition.framework/Versions/A/SpeechRecognition
0x0000000008b89000 	/usr/lib/libauto.dylib
0x0000000008b89000 	/usr/lib/libicucore.A.dylib
0x0000000008b89000 	/usr/lib/libxml2.2.dylib
0x0000000008b89000 	/System/Library/PrivateFrameworks/CoreUI.framework/Versions/A/CoreUI
0x0000000008b89000 	/System/Library/Frameworks/CoreAudio.framework/Versions/A/CoreAudio
0x0000000008b89000 	/System/Library/Frameworks/DiskArbitration.framework/Versions/A/DiskArbitration
0x0000000008b89000 	/usr/lib/liblangid.dylib
0x0000000008b89000 	/System/Library/PrivateFrameworks/MultitouchSupport.framework/Versions/A/MultitouchSupport
0x0000000008b89000 	/System/Library/Frameworks/IOKit.framework/Versions/A/IOKit
0x0000000008b89000 	/usr/lib/libDiagnosticMessagesClient.dylib
0x0000000008b89000 	/System/Library/Frameworks/CoreServices.framework/Versions/A/CoreServices
0x0000000008b89000 	/System/Library/PrivateFrameworks/PerformanceAnalysis.framework/Versions/A/PerformanceAnalysis
0x0000000008b89000 	/System/Library/PrivateFrameworks/GenerationalStorage.framework/Versions/A/GenerationalStorage
0x0000000008b89000 	/System/Library/Frameworks/OpenGL.framework/Versions/A/OpenGL
0x0000000008b89000 	/System/Library/PrivateFrameworks/Sharing.framework/Versions/A/Sharing
0x0000000008b89000 	/System/Library/Frameworks/CoreGraphics.framework/Versions/A/CoreGraphics
0x0000000008b89000 	/System/Library/Frameworks/CoreText.framework/Versions/A/CoreText
0x0000000008b89000 	/System/Library/Frameworks/ImageIO.framework/Versions/A/ImageIO
0x0000000008b89000 	/usr/lib/libextension.dylib
0x0000000008b89000 	/System/Library/PrivateFrameworks/Backup.framework/Versions/A/Backup
0x0000000008b89000 	/usr/lib/libarchive.2.dylib
0x0000000008b89000 	/System/Library/Frameworks/CFNetwork.framework/Versions/A/CFNetwork
0x0000000008b89000 	/System/Library/Frameworks/SystemConfiguration.framework/Versions/A/SystemConfiguration
0x0000000008b89000 	/usr/lib/libCRFSuite.dylib
0x0000000008b89000 	/usr/lib/libc++.1.dylib
0x0000000008b89000 	/usr/lib/libc++abi.dylib
0x0000000008b89000 	/usr/lib/system/libcache.dylib
0x0000000008b89000 	/usr/lib/system/libcommonCrypto.dylib
0x0000000008b89000 	/usr/lib/system/libcompiler_rt.dylib
0x0000000008b89000 	/usr/lib/system/libcopyfile.dylib
0x0000000008b89000 	/usr/lib/system/libcorecrypto.dylib
0x0000000008b89000 	/usr/lib/system/libdispatch.dylib
0x0000000008b89000 	/usr/lib/system/libdyld.dylib
0x0000000008b89000 	/usr/lib/system/libkeymgr.dylib
0x0000000008b89000 	/usr/lib/system/liblaunch.dylib
0x0000000008b89000 	/usr/lib/system/libmacho.dylib
0x0000000008b89000 	/usr/lib/system/libquarantine.dylib
0x0000000008b89000 	/usr/lib/system/libremovefile.dylib
0x0000000008b89000 	/usr/lib/system/libsystem_asl.dylib
0x0000000008b89000 	/usr/lib/system/libsystem_blocks.dylib
0x0000000008b89000 	/usr/lib/system/libsystem_c.dylib
0x0000000008b89000 	/usr/lib/system/libsystem_configuration.dylib
0x0000000008b89000 	/usr/lib/system/libsystem_coreservices.dylib
0x0000000008b89000 	/usr/lib/system/libsystem_coretls.dylib
0x0000000008b89000 	/usr/lib/system/libsystem_dnssd.dylib
0x0000000008b89000 	/usr/lib/system/libsystem_info.dylib
0x0000000008b89000 	/usr/lib/system/libsystem_kernel.dylib
0x0000000008b89000 	/usr/lib/system/libsystem_m.dylib
0x0000000008b89000 	/usr/lib/system/libsystem_malloc.dylib
0x0000000008b89000 	/usr/lib/system/libsystem_network.dylib
0x0000000008b89000 	/usr/lib/system/libsystem_networkextension.dylib
0x0000000008b89000 	/usr/lib/system/libsystem_notify.dylib
0x0000000008b89000 	/usr/lib/system/libsystem_platform.dylib
0x0000000008b89000 	/usr/lib/system/libsystem_pthread.dylib
0x0000000008b89000 	/usr/lib/system/libsystem_sandbox.dylib
0x0000000008b89000 	/usr/lib/system/libsystem_secinit.dylib
0x0000000008b89000 	/usr/lib/system/libsystem_stats.dylib
0x0000000008b89000 	/usr/lib/system/libsystem_trace.dylib
0x0000000008b89000 	/usr/lib/system/libunc.dylib
0x0000000008b89000 	/usr/lib/system/libunwind.dylib
0x0000000008b89000 	/usr/lib/system/libxpc.dylib
0x0000000008b89000 	/usr/lib/libbz2.1.0.dylib
0x0000000008b89000 	/usr/lib/liblzma.5.dylib
0x0000000008b89000 	/usr/lib/libbsm.0.dylib
0x0000000008b89000 	/usr/lib/libsqlite3.dylib
0x0000000008b89000 	/usr/lib/system/libkxld.dylib
0x0000000008b89000 	/usr/lib/libxar.1.dylib
0x0000000008b89000 	/usr/lib/libpam.2.dylib
0x0000000008b89000 	/usr/lib/libOpenScriptingUtil.dylib
0x0000000008b89000 	/System/Library/Frameworks/CoreServices.framework/Versions/A/Frameworks/FSEvents.framework/Versions/A/FSEvents
0x0000000008b89000 	/System/Library/Frameworks/CoreServices.framework/Versions/A/Frameworks/CarbonCore.framework/Versions/A/CarbonCore
0x0000000008b89000 	/System/Library/Frameworks/CoreServices.framework/Versions/A/Frameworks/Metadata.framework/Versions/A/Metadata
0x0000000008b89000 	/System/Library/Frameworks/CoreServices.framework/Versions/A/Frameworks/OSServices.framework/Versions/A/OSServices
0x0000000008b89000 	/System/Library/Frameworks/CoreServices.framework/Versions/A/Frameworks/SearchKit.framework/Versions/A/SearchKit
0x0000000008b89000 	/System/Library/Frameworks/CoreServices.framework/Versions/A/Frameworks/AE.framework/Versions/A/AE
0x0000000008b89000 	/System/Library/Frameworks/CoreServices.framework/Versions/A/Frameworks/LaunchServices.framework/Versions/A/LaunchServices
0x0000000008b89000 	/System/Library/Frameworks/CoreServices.framework/Versions/A/Frameworks/DictionaryServices.framework/Versions/A/DictionaryServices
0x0000000008b89000 	/System/Library/Frameworks/NetFS.framework/Versions/A/NetFS
0x0000000008b89000 	/System/Library/PrivateFrameworks/NetAuth.framework/Versions/A/NetAuth
0x0000000008b89000 	/System/Library/PrivateFrameworks/login.framework/Versions/A/Frameworks/loginsupport.framework/Versions/A/loginsupport
0x0000000008b89000 	/System/Library/PrivateFrameworks/TCC.framework/Versions/A/TCC
0x0000000008b89000 	/usr/lib/libmecabra.dylib
0x0000000008b89000 	/System/Library/Frameworks/ApplicationServices.framework/Versions/A/Frameworks/ATS.framework/Versions/A/ATS
0x0000000008b89000 	/System/Library/Frameworks/ApplicationServices.framework/Versions/A/Frameworks/ColorSync.framework/Versions/A/ColorSync
0x0000000008b89000 	/System/Library/Frameworks/ApplicationServices.framework/Versions/A/Frameworks/HIServices.framework/Versions/A/HIServices
0x0000000008b89000 	/System/Library/Frameworks/ApplicationServices.framework/Versions/A/Frameworks/LangAnalysis.framework/Versions/A/LangAnalysis
0x0000000008b89000 	/System/Library/Frameworks/ApplicationServices.framework/Versions/A/Frameworks/PrintCore.framework/Versions/A/PrintCore
0x0000000008b89000 	/System/Library/Frameworks/ApplicationServices.framework/Versions/A/Frameworks/QD.framework/Versions/A/QD
0x0000000008b89000 	/System/Library/Frameworks/ApplicationServices.framework/Versions/A/Frameworks/SpeechSynthesis.framework/Versions/A/SpeechSynthesis
0x0000000008b89000 	/System/Library/Frameworks/Accelerate.framework/Versions/A/Accelerate
0x0000000008b89000 	/System/Library/Frameworks/Accelerate.framework/Versions/A/Frameworks/vImage.framework/Versions/A/vImage
0x0000000008b89000 	/System/Library/Frameworks/Accelerate.framework/Versions/A/Frameworks/vecLib.framework/Versions/A/vecLib
0x0000000008b89000 	/System/Library/Frameworks/Accelerate.framework/Versions/A/Frameworks/vecLib.framework/Versions/A/libvDSP.dylib
0x0000000008b89000 	/System/Library/Frameworks/Accelerate.framework/Versions/A/Frameworks/vecLib.framework/Versions/A/libvMisc.dylib
0x0000000008b89000 	/System/Library/Frameworks/Accelerate.framework/Versions/A/Frameworks/vecLib.framework/Versions/A/libLAPACK.dylib
0x0000000008b89000 	/System/Library/Frameworks/Accelerate.framework/Versions/A/Frameworks/vecLib.framework/Versions/A/libBLAS.dylib
0x0000000008b89000 	/System/Library/Frameworks/Accelerate.framework/Versions/A/Frameworks/vecLib.framework/Versions/A/libLinearAlgebra.dylib
0x0000000008b89000 	/System/Library/Frameworks/ApplicationServices.framework/Versions/A/Frameworks/ATS.framework/Versions/A/Resources/libFontParser.dylib
0x0000000008b89000 	/System/Library/Frameworks/ApplicationServices.framework/Versions/A/Frameworks/ATS.framework/Versions/A/Resources/libFontRegistry.dylib
0x0000000008b89000 	/System/Library/PrivateFrameworks/AppleVPA.framework/Versions/A/AppleVPA
0x0000000008b89000 	/System/Library/PrivateFrameworks/AppleJPEG.framework/Versions/A/AppleJPEG
0x0000000008b89000 	/System/Library/Frameworks/ImageIO.framework/Versions/A/Resources/libJPEG.dylib
0x0000000008b89000 	/System/Library/Frameworks/ImageIO.framework/Versions/A/Resources/libTIFF.dylib
0x0000000008b89000 	/System/Library/Frameworks/ImageIO.framework/Versions/A/Resources/libPng.dylib
0x0000000008b89000 	/System/Library/Frameworks/ImageIO.framework/Versions/A/Resources/libGIF.dylib
0x0000000008b89000 	/System/Library/Frameworks/ImageIO.framework/Versions/A/Resources/libJP2.dylib
0x0000000008b89000 	/System/Library/Frameworks/ImageIO.framework/Versions/A/Resources/libRadiance.dylib
0x0000000008b89000 	/System/Library/Frameworks/CoreVideo.framework/Versions/A/CoreVideo
0x0000000008b89000 	/System/Library/Frameworks/OpenGL.framework/Versions/A/Libraries/libGLU.dylib
0x0000000008b89000 	/System/Library/Frameworks/OpenGL.framework/Versions/A/Libraries/libGFXShared.dylib
0x0000000008b89000 	/System/Library/Frameworks/OpenGL.framework/Versions/A/Libraries/libGL.dylib
0x0000000008b89000 	/System/Library/Frameworks/OpenGL.framework/Versions/A/Libraries/libGLImage.dylib
0x0000000008b89000 	/System/Library/Frameworks/OpenGL.framework/Versions/A/Libraries/libCVMSPluginSupport.dylib
0x0000000008b89000 	/System/Library/Frameworks/OpenGL.framework/Versions/A/Libraries/libCoreVMClient.dylib
0x0000000008b89000 	/usr/lib/libcups.2.dylib
0x0000000008b89000 	/System/Library/Frameworks/Kerberos.framework/Versions/A/Kerberos
0x0000000008b89000 	/System/Library/Frameworks/GSS.framework/Versions/A/GSS
0x0000000008b89000 	/usr/lib/libresolv.9.dylib
0x0000000008b89000 	/usr/lib/libiconv.2.dylib
0x0000000008b89000 	/System/Library/PrivateFrameworks/Heimdal.framework/Versions/A/Heimdal
0x0000000008b89000 	/usr/lib/libheimdal-asn1.dylib
0x0000000008b89000 	/System/Library/Frameworks/OpenDirectory.framework/Versions/A/OpenDirectory
0x0000000008b89000 	/System/Library/PrivateFrameworks/CommonAuth.framework/Versions/A/CommonAuth
0x0000000008b89000 	/System/Library/Frameworks/OpenDirectory.framework/Versions/A/Frameworks/CFOpenDirectory.framework/Versions/A/CFOpenDirectory
0x0000000008b89000 	/System/Library/Frameworks/SecurityFoundation.framework/Versions/A/SecurityFoundation
0x0000000008b89000 	/System/Library/PrivateFrameworks/LanguageModeling.framework/Versions/A/LanguageModeling
0x0000000008b89000 	/usr/lib/libcmph.dylib
0x0000000008b89000 	/System/Library/Frameworks/ServiceManagement.framework/Versions/A/ServiceManagement
0x0000000008b89000 	/usr/lib/libxslt.1.dylib
0x0000000008b89000 	/System/Library/Frameworks/Carbon.framework/Versions/A/Frameworks/Ink.framework/Versions/A/Ink
0x0000000008b89000 	/System/Library/Frameworks/QuartzCore.framework/Versions/A/Frameworks/CoreImage.framework/Versions/A/CoreImage
0x0000000008b89000 	/System/Library/PrivateFrameworks/CrashReporterSupport.framework/Versions/A/CrashReporterSupport
0x0000000008b89000 	/System/Library/Frameworks/OpenCL.framework/Versions/A/OpenCL
0x0000000008b89000 	/System/Library/PrivateFrameworks/FaceCore.framework/Versions/A/FaceCore
0x0000000008b89000 	/System/Library/PrivateFrameworks/Ubiquity.framework/Versions/A/Ubiquity
0x0000000008b89000 	/System/Library/PrivateFrameworks/IconServices.framework/Versions/A/IconServices
0x0000000008b89000 	/System/Library/PrivateFrameworks/ChunkingLibrary.framework/Versions/A/ChunkingLibrary
0x0000000008b89000 	/System/Library/PrivateFrameworks/Apple80211.framework/Versions/A/Apple80211
0x0000000008b89000 	/System/Library/Frameworks/CoreWLAN.framework/Versions/A/CoreWLAN
0x0000000008b89000 	/System/Library/Frameworks/IOBluetooth.framework/Versions/A/IOBluetooth
0x0000000008b89000 	/System/Library/PrivateFrameworks/CoreWiFi.framework/Versions/A/CoreWiFi
0x0000000008b89000 	/System/Library/Frameworks/CoreBluetooth.framework/Versions/A/CoreBluetooth
0x0000000008b89000 	/System/Library/PrivateFrameworks/DebugSymbols.framework/Versions/A/DebugSymbols
0x0000000008b89000 	/System/Library/PrivateFrameworks/CoreSymbolication.framework/Versions/A/CoreSymbolication
0x0000000008b89000 	/System/Library/PrivateFrameworks/Symbolication.framework/Versions/A/Symbolication
0x0000000008b89000 	/System/Library/PrivateFrameworks/SpeechRecognitionCore.framework/Versions/A/SpeechRecognitionCore
0x000000010aa3b000 	/Library/Java/JavaVirtualMachines/jdk1.8.0_40.jdk/Contents/Home/jre/lib/server/libjvm.dylib
0x0000000008b89000 	/usr/lib/libstdc++.6.dylib
0x000000010b9bb000 	/Library/Java/JavaVirtualMachines/jdk1.8.0_40.jdk/Contents/Home/jre/lib/libverify.dylib
0x000000010b9c9000 	/Library/Java/JavaVirtualMachines/jdk1.8.0_40.jdk/Contents/Home/jre/lib/libjava.dylib
0x000000010c303000 	/Library/Java/JavaVirtualMachines/jdk1.8.0_40.jdk/Contents/Home/jre/lib/libjdwp.dylib
0x000000010c34e000 	/Library/Java/JavaVirtualMachines/jdk1.8.0_40.jdk/Contents/Home/jre/lib/libnpt.dylib
0x000000010c35a000 	/Library/Java/JavaVirtualMachines/jdk1.8.0_40.jdk/Contents/Home/jre/lib/libzip.dylib
0x00000001a0077000 	/System/Library/Frameworks/JavaVM.framework/Frameworks/JavaRuntimeSupport.framework/JavaRuntimeSupport
0x00000001a008d000 	/System/Library/Frameworks/JavaVM.framework/Versions/A/Frameworks/JavaNativeFoundation.framework/Versions/A/JavaNativeFoundation
0x00000001a00a1000 	/System/Library/Frameworks/JavaVM.framework/Versions/A/JavaVM
0x0000000008b89000 	/System/Library/Frameworks/Carbon.framework/Versions/A/Carbon
0x00000001a00ad000 	/System/Library/PrivateFrameworks/JavaLaunching.framework/Versions/A/JavaLaunching
0x0000000008b89000 	/System/Library/Frameworks/Carbon.framework/Versions/A/Frameworks/CommonPanels.framework/Versions/A/CommonPanels
0x0000000008b89000 	/System/Library/Frameworks/Carbon.framework/Versions/A/Frameworks/Help.framework/Versions/A/Help
0x0000000008b89000 	/System/Library/Frameworks/Carbon.framework/Versions/A/Frameworks/ImageCapture.framework/Versions/A/ImageCapture
0x0000000008b89000 	/System/Library/Frameworks/Carbon.framework/Versions/A/Frameworks/OpenScripting.framework/Versions/A/OpenScripting
0x0000000008b89000 	/System/Library/Frameworks/Carbon.framework/Versions/A/Frameworks/Print.framework/Versions/A/Print
0x0000000008b89000 	/System/Library/Frameworks/Carbon.framework/Versions/A/Frameworks/SecurityHI.framework/Versions/A/SecurityHI
0x00000001a1a93000 	/Library/Java/JavaVirtualMachines/jdk1.8.0_40.jdk/Contents/Home/jre/lib/libdt_socket.dylib
0x00000001a22bc000 	/Library/Java/JavaVirtualMachines/jdk1.8.0_40.jdk/Contents/Home/jre/lib/libnet.dylib

VM Arguments:
jvm_args: -agentlib:jdwp=transport=dt_socket,suspend=y,address=localhost:49532 -Dfile.encoding=UTF-8 
java_command: org.eclipse.jdt.internal.junit.runner.RemoteTestRunner -version 3 -port 49531 -testLoaderClass org.eclipse.jdt.internal.junit4.runner.JUnit4TestLoader -loaderpluginname org.eclipse.jdt.junit4.runtime -test test.TestCanchaFutbol:testCalendarioNoDebePermitirAgragarUnaReservaEnUnHorarioYaReservado
java_class_path (initial): /Users/smoreno/Documents/workspace/canchaFutbol/bin:/Applications/eclipse/plugins/org.junit_4.11.0.v201303080030/junit.jar:/Applications/eclipse/plugins/org.hamcrest.core_1.3.0.v201303031735.jar:/Applications/eclipse/configuration/org.eclipse.osgi/204/0/.cp/:/Applications/eclipse/configuration/org.eclipse.osgi/203/0/.cp/
Launcher Type: SUN_STANDARD

Environment Variables:
PATH=/usr/bin:/bin:/usr/sbin:/sbin
SHELL=/bin/bash

Signal Handlers:
SIGSEGV: [libjvm.dylib+0x58ef95], sa_mask[0]=11111111011111110111111111111111, sa_flags=SA_ONSTACK|SA_RESTART|SA_SIGINFO
SIGBUS: [libjvm.dylib+0x58ef95], sa_mask[0]=11111111011111110111111111111111, sa_flags=SA_RESTART|SA_SIGINFO
SIGFPE: [libjvm.dylib+0x46c118], sa_mask[0]=11111111011111110111111111111111, sa_flags=SA_RESTART|SA_SIGINFO
SIGPIPE: [libjvm.dylib+0x46c118], sa_mask[0]=11111111011111110111111111111111, sa_flags=SA_RESTART|SA_SIGINFO
SIGXFSZ: [libjvm.dylib+0x46c118], sa_mask[0]=11111111011111110111111111111111, sa_flags=SA_RESTART|SA_SIGINFO
SIGILL: [libjvm.dylib+0x46c118], sa_mask[0]=11111111011111110111111111111111, sa_flags=SA_RESTART|SA_SIGINFO
SIGUSR1: SIG_DFL, sa_mask[0]=00000000000000000000000000000000, sa_flags=none
SIGUSR2: [libjvm.dylib+0x46bc36], sa_mask[0]=00100000000000000000000000000000, sa_flags=SA_RESTART|SA_SIGINFO
SIGHUP: [libjvm.dylib+0x46a209], sa_mask[0]=11111111011111110111111111111111, sa_flags=SA_RESTART|SA_SIGINFO
SIGINT: [libjvm.dylib+0x46a209], sa_mask[0]=11111111011111110111111111111111, sa_flags=SA_RESTART|SA_SIGINFO
SIGTERM: [libjvm.dylib+0x46a209], sa_mask[0]=11111111011111110111111111111111, sa_flags=SA_RESTART|SA_SIGINFO
SIGQUIT: [libjvm.dylib+0x46a209], sa_mask[0]=11111111011111110111111111111111, sa_flags=SA_RESTART|SA_SIGINFO


---------------  S Y S T E M  ---------------

OS:Bsduname:Darwin 14.3.0 Darwin Kernel Version 14.3.0: Mon Mar 23 11:59:05 PDT 2015; root:xnu-2782.20.48~5/RELEASE_X86_64 x86_64
rlimit: STACK 8192k, CORE 0k, NPROC 709, NOFILE 10240, AS infinity
load average:2.55 2.34 2.31

CPU:total 4 (2 cores per cpu, 2 threads per core) family 6 model 69 stepping 1, cmov, cx8, fxsr, mmx, sse, sse2, sse3, ssse3, sse4.1, sse4.2, popcnt, avx, avx2, aes, clmul, erms, lzcnt, ht, tsc, tscinvbit, bmi1, bmi2

Memory: 4k page, physical 4194304k(42516k free)

/proc/meminfo:


vm_info: Java HotSpot(TM) 64-Bit Server VM (25.40-b25) for bsd-amd64 JRE (1.8.0_40-b25), built on Feb 10 2015 21:07:25 by "java_re" with gcc 4.2.1 (Based on Apple Inc. build 5658) (LLVM build 2336.11.00)

time: Tue Jul  7 00:31:37 2015
elapsed time: 3712 seconds (0d 1h 1m 52s)

