#
# A fatal error has been detected by the Java Runtime Environment:
#
#  SIGSEGV (0xb) at pc=0x0000000106a32d20, pid=13613, tid=16387
#
# JRE version: Java(TM) SE Runtime Environment (8.0_40-b25) (build 1.8.0_40-b25)
# Java VM: Java HotSpot(TM) 64-Bit Server VM (25.40-b25 mixed mode bsd-amd64 compressed oops)
# Problematic frame:
# V  [libjvm.dylib+0x432d20]
#
# Failed to write core dump. Core dumps have been disabled. To enable core dumping, try "ulimit -c unlimited" before starting Java again
#
# If you would like to submit a bug report, please visit:
#   http://bugreport.java.com/bugreport/crash.jsp
#

---------------  T H R E A D  ---------------

Current thread (0x00007f9329835000):  JavaThread "JDWP Transport Listener: dt_socket" daemon [_thread_in_vm, id=16387, stack(0x000000011c9fc000,0x000000011cafc000)]

siginfo: si_signo: 11 (SIGSEGV), si_code: 0 (unknown), si_addr: 0x0000000000000000

Registers:
RAX=0x0000000000000001, RBX=0x000000011cafba8b, RCX=0x0000000106dfa190, RDX=0x000000011cafba8b
RSP=0x000000011cafb9d0, RBP=0x000000011cafb9e0, RSI=0x00007f9329835000, RDI=0x66664f656e003b31
R8 =0x0000000000000000, R9 =0x00007f9328e00000, R10=0x0000000000000010, R11=0x00007f9328e00000
R12=0x00007f9329835000, R13=0x66664f656e003b31, R14=0x66664f656e003b31, R15=0x00007f9328e177d0
RIP=0x0000000106a32d20, EFLAGS=0x0000000000010202, ERR=0x0000000000000000
  TRAPNO=0x000000000000000d

Top of Stack: (sp=0x000000011cafb9d0)
0x000000011cafb9d0:   000000011cafba8b 000000011cafba8b
0x000000011cafb9e0:   000000011cafba40 000000010694311a
0x000000011cafb9f0:   00007f9329835000 0000000000000000
0x000000011cafba00:   0000000000000000 0000000000000000
0x000000011cafba10:   00007f9329835000 00007f9329835000
0x000000011cafba20:   000000011cafba8b 000000011cafba90
0x000000011cafba30:   66664f656e003b31 0000000000000004
0x000000011cafba40:   000000011cafba60 0000000105d9e780
0x000000011cafba50:   0000000000000001 000000011cafbb08
0x000000011cafba60:   000000011cafbad0 0000000105d831f3
0x000000011cafba70:   000000011cafbaa0 00007f9328e40950
0x000000011cafba80:   0000000500000032 0000000100afbb08
0x000000011cafba90:   0000000000000000 0000000000000000
0x000000011cafbaa0:   0000000000000000 000000011cafbc90
0x000000011cafbab0:   0000000105da5e7a 00007f9328e40fe0
0x000000011cafbac0:   000000011cafbb08 0000000105db1598
0x000000011cafbad0:   000000011cafbae0 0000000105d832ec
0x000000011cafbae0:   000000011cafbd00 0000000105d8c898
0x000000011cafbaf0:   00000f3e00000013 00000000000f0200
0x000000011cafbb00:   00007f9328e41170 000000011cafbc4e
0x000000011cafbb10:   00007f9300000036 000000011cafbb20
0x000000011cafbb20:   00007f93000000f6 000000011cafbb58
0x000000011cafbb30:   0000000000000000 00007f0000000000
0x000000011cafbb40:   00000f3e0000000b 00007fff00009f80
0x000000011cafbb50:   000000011cafbb58 937f000005000000
0x000000011cafbb60:   08000000b074d228 30246164626d616c
0x000000011cafbb70:   61634c2823000000 7365522f6168636e
0x000000011cafbb80:   61634c3b61767265 7365522f6168636e
0x000000011cafbb90:   005a293b61767265 000a1000f0000000
0x000000011cafbba0:   00581ae428937f00 64626d616c080000
0x000000011cafbbb0:   2823000000312461 2f6168636e61634c
0x000000011cafbbc0:   3b61767265736552 2f6168636e61634c 

Instructions: (pc=0x0000000106a32d20)
0x0000000106a32d00:   40 48 48 85 c0 75 e0 30 c0 0f b6 c0 5d c3 31 c0
0x0000000106a32d10:   5d c3 55 48 89 e5 53 48 83 ec 08 48 85 ff 74 24
0x0000000106a32d20:   48 8b 1f 48 85 db 74 1c 48 83 fb 37 74 16 48 8b
0x0000000106a32d30:   03 48 89 df ff 50 10 84 c0 b8 00 00 00 00 48 0f 

Register to memory mapping:

RAX=0x0000000000000001 is an unknown value
RBX=0x000000011cafba8b is pointing into the stack for thread: 0x00007f9329835000
RCX=0x0000000106dfa190: UseMembar+0 in /Library/Java/JavaVirtualMachines/jdk1.8.0_40.jdk/Contents/Home/jre/lib/server/libjvm.dylib at 0x0000000106600000
RDX=0x000000011cafba8b is pointing into the stack for thread: 0x00007f9329835000
RSP=0x000000011cafb9d0 is pointing into the stack for thread: 0x00007f9329835000
RBP=0x000000011cafb9e0 is pointing into the stack for thread: 0x00007f9329835000
RSI=0x00007f9329835000 is a thread
RDI=0x66664f656e003b31 is an unknown value
R8 =0x0000000000000000 is an unknown value
R9 =0x00007f9328e00000 is an unknown value
R10=0x0000000000000010 is an unknown value
R11=0x00007f9328e00000 is an unknown value
R12=0x00007f9329835000 is a thread
R13=0x66664f656e003b31 is an unknown value
R14=0x66664f656e003b31 is an unknown value
R15=0x00007f9328e177d0 is an unknown value


Stack: [0x000000011c9fc000,0x000000011cafc000],  sp=0x000000011cafb9d0,  free space=1022k
Native frames: (J=compiled Java code, j=interpreted, Vv=VM code, C=native code)
V  [libjvm.dylib+0x432d20]
V  [libjvm.dylib+0x34311a]
C  [libjdwp.dylib+0x20780]  isMethodSynthetic+0x63
C  [libjdwp.dylib+0x51f3]  methods1+0x10b
C  [libjdwp.dylib+0x52ec]  methodsWithGeneric+0xe
C  [libjdwp.dylib+0xe898]  debugLoop_run+0x1ce
C  [libjdwp.dylib+0x1f6ba]  attachThread+0x4d
V  [libjvm.dylib+0x384060]
V  [libjvm.dylib+0x549acf]
V  [libjvm.dylib+0x54b1c0]
V  [libjvm.dylib+0x46ea8e]
C  [libsystem_pthread.dylib+0x3268]  _pthread_body+0x83
C  [libsystem_pthread.dylib+0x31e5]  _pthread_body+0x0
C  [libsystem_pthread.dylib+0x141d]  thread_start+0xd
C  0x0000000000000000


---------------  P R O C E S S  ---------------

Java Threads: ( => current thread )
  0x00007f9329850000 JavaThread "ReaderThread" [_thread_in_native, id=20483, stack(0x000000011d27d000,0x000000011d37d000)]
  0x00007f9329838000 JavaThread "Service Thread" daemon [_thread_blocked, id=19459, stack(0x000000011d00e000,0x000000011d10e000)]
  0x00007f932a835000 JavaThread "C1 CompilerThread2" daemon [_thread_blocked, id=18947, stack(0x000000011cf0b000,0x000000011d00b000)]
  0x00007f932a834000 JavaThread "C2 CompilerThread1" daemon [_thread_blocked, id=18435, stack(0x000000011ce08000,0x000000011cf08000)]
  0x00007f932a012000 JavaThread "C2 CompilerThread0" daemon [_thread_blocked, id=17923, stack(0x000000011cd05000,0x000000011ce05000)]
  0x00007f9329836800 JavaThread "JDWP Command Reader" daemon [_thread_in_native, id=17411, stack(0x000000011cc02000,0x000000011cd02000)]
  0x00007f9329836000 JavaThread "JDWP Event Helper Thread" daemon [_thread_blocked, id=16899, stack(0x000000011caff000,0x000000011cbff000)]
=>0x00007f9329835000 JavaThread "JDWP Transport Listener: dt_socket" daemon [_thread_in_vm, id=16387, stack(0x000000011c9fc000,0x000000011cafc000)]
  0x00007f932a832800 JavaThread "Signal Dispatcher" daemon [_thread_blocked, id=12307, stack(0x000000011c8f2000,0x000000011c9f2000)]
  0x00007f932a009000 JavaThread "Finalizer" daemon [_thread_blocked, id=11523, stack(0x000000011af61000,0x000000011b061000)]
  0x00007f932900f800 JavaThread "Reference Handler" daemon [_thread_blocked, id=11011, stack(0x000000011ae5e000,0x000000011af5e000)]
  0x00007f932a800800 JavaThread "main" [_thread_blocked, id=4867, stack(0x0000000105c38000,0x0000000105d38000)]

Other Threads:
  0x00007f932981c000 VMThread [stack: 0x000000011ad5b000,0x000000011ae5b000] [id=10499]
  0x00007f9329838800 WatcherThread [stack: 0x000000011d111000,0x000000011d211000] [id=19971]

VM state:not at safepoint (normal execution)

VM Mutex/Monitor currently owned by a thread: None

Heap:
 PSYoungGen      total 18944K, used 7211K [0x00000007aab00000, 0x00000007ac000000, 0x00000007c0000000)
  eden space 16384K, 44% used [0x00000007aab00000,0x00000007ab20af48,0x00000007abb00000)
  from space 2560K, 0% used [0x00000007abd80000,0x00000007abd80000,0x00000007ac000000)
  to   space 2560K, 0% used [0x00000007abb00000,0x00000007abb00000,0x00000007abd80000)
 ParOldGen       total 44032K, used 0K [0x0000000780000000, 0x0000000782b00000, 0x00000007aab00000)
  object space 44032K, 0% used [0x0000000780000000,0x0000000780000000,0x0000000782b00000)
 Metaspace       used 7104K, capacity 7276K, committed 7552K, reserved 1056768K
  class space    used 782K, capacity 828K, committed 896K, reserved 1048576K

Card table byte_map: [0x0000000116929000,0x0000000116b2a000] byte_map_base: 0x0000000112d29000

Marking Bits: (ParMarkBitMap*) 0x0000000106ec27a0
 Begin Bits: [0x000000011708c000, 0x000000011808c000)
 End Bits:   [0x000000011808c000, 0x000000011908c000)

Polling page: 0x0000000105d7d000

CodeCache: size=245760Kb used=2046Kb max_used=2058Kb free=243713Kb
 bounds [0x0000000107569000, 0x00000001077d9000, 0x0000000116569000]
 total_blobs=754 nmethods=447 adapters=229
 compilation: enabled

Compilation events (10 events):
Event: 0.598 Thread 0x00007f932a835000  440       3       jdk.internal.org.objectweb.asm.ByteVector::putInt (74 bytes)
Event: 0.599 Thread 0x00007f932a835000 nmethod 440 0x0000000107767c50 code [0x0000000107767dc0, 0x0000000107768068]
Event: 0.599 Thread 0x00007f932a835000  425       1       java.lang.invoke.MethodTypeForm::erasedType (5 bytes)
Event: 0.599 Thread 0x00007f932a835000 nmethod 425 0x00000001077620d0 code [0x0000000107762220, 0x0000000107762330]
Event: 0.600 Thread 0x00007f932a835000  445       3       java.lang.invoke.LambdaForm$NamedFunction::methodType (23 bytes)
Event: 0.600 Thread 0x00007f932a835000 nmethod 445 0x0000000107768210 code [0x0000000107768380, 0x0000000107768688]
Event: 0.601 Thread 0x00007f932a835000  446       3       jdk.internal.org.objectweb.asm.ClassWriter::put122 (15 bytes)
Event: 0.601 Thread 0x00007f932a835000 nmethod 446 0x0000000107768790 code [0x0000000107768920, 0x0000000107768b38]
Event: 0.602 Thread 0x00007f932a834000  447       4       java.lang.String::startsWith (7 bytes)
Event: 0.607 Thread 0x00007f932a834000 nmethod 447 0x000000010776bad0 code [0x000000010776bc20, 0x000000010776be98]

GC Heap History (0 events):
No events

Deoptimization events (0 events):
No events

Internal exceptions (8 events):
Event: 0.058 Thread 0x00007f932a800800 Exception <a 'java/lang/NoSuchMethodError': Method sun.misc.Unsafe.defineClass(Ljava/lang/String;[BII)Ljava/lang/Class; name or signature does not match> (0x00000007aab12a80) thrown at [/Users/java_re/workspace/8-2-build-macosx-x86_64/jdk8u40/2855/hotspot
Event: 0.058 Thread 0x00007f932a800800 Exception <a 'java/lang/NoSuchMethodError': Method sun.misc.Unsafe.prefetchRead(Ljava/lang/Object;J)V name or signature does not match> (0x00000007aab12d10) thrown at [/Users/java_re/workspace/8-2-build-macosx-x86_64/jdk8u40/2855/hotspot/src/share/vm/prim
Event: 0.311 Thread 0x00007f932a800800 Exception <a 'java/security/PrivilegedActionException'> (0x00000007aadb0bb8) thrown at [/Users/java_re/workspace/8-2-build-macosx-x86_64/jdk8u40/2855/hotspot/src/share/vm/prims/jvm.cpp, line 1382]
Event: 0.311 Thread 0x00007f932a800800 Exception <a 'java/security/PrivilegedActionException'> (0x00000007aadb0f00) thrown at [/Users/java_re/workspace/8-2-build-macosx-x86_64/jdk8u40/2855/hotspot/src/share/vm/prims/jvm.cpp, line 1382]
Event: 0.311 Thread 0x00007f932a800800 Exception <a 'java/security/PrivilegedActionException'> (0x00000007aadb4410) thrown at [/Users/java_re/workspace/8-2-build-macosx-x86_64/jdk8u40/2855/hotspot/src/share/vm/prims/jvm.cpp, line 1382]
Event: 0.311 Thread 0x00007f932a800800 Exception <a 'java/security/PrivilegedActionException'> (0x00000007aadb4758) thrown at [/Users/java_re/workspace/8-2-build-macosx-x86_64/jdk8u40/2855/hotspot/src/share/vm/prims/jvm.cpp, line 1382]
Event: 0.571 Thread 0x00007f932a800800 Exception <a 'java/lang/NoSuchFieldError': method resolution failed> (0x00000007ab17aa88) thrown at [/Users/java_re/workspace/8-2-build-macosx-x86_64/jdk8u40/2855/hotspot/src/share/vm/prims/methodHandles.cpp, line 1125]
Event: 0.577 Thread 0x00007f932a800800 Exception <a 'java/lang/NoSuchFieldError': method resolution failed> (0x00000007ab189708) thrown at [/Users/java_re/workspace/8-2-build-macosx-x86_64/jdk8u40/2855/hotspot/src/share/vm/prims/methodHandles.cpp, line 1125]

Events (10 events):
Event: 2681.873 Executing VM operation: RedefineClasses
Event: 2681.877 Executing VM operation: RedefineClasses done
Event: 2681.887 Executing VM operation: EnterInterpOnlyMode
Event: 2681.887 Executing VM operation: EnterInterpOnlyMode done
Event: 2681.887 Executing VM operation: GetCurrentLocation
Event: 2681.887 Executing VM operation: GetCurrentLocation done
Event: 2681.887 Executing VM operation: ChangeSingleStep
Event: 2681.887 Executing VM operation: ChangeSingleStep done
Event: 2681.889 Executing VM operation: ChangeSingleStep
Event: 2681.889 Executing VM operation: ChangeSingleStep done


Dynamic libraries:
0x0000000008b89000 	/System/Library/Frameworks/Cocoa.framework/Versions/A/Cocoa
0x0000000008b89000 	/System/Library/Frameworks/Security.framework/Versions/A/Security
0x0000000008b89000 	/System/Library/Frameworks/ApplicationServices.framework/Versions/A/ApplicationServices
0x0000000008b89000 	/usr/lib/libz.1.dylib
0x0000000008b89000 	/usr/lib/libSystem.B.dylib
0x0000000008b89000 	/usr/lib/libobjc.A.dylib
0x0000000008b89000 	/System/Library/Frameworks/CoreFoundation.framework/Versions/A/CoreFoundation
0x0000000008b89000 	/System/Library/Frameworks/Foundation.framework/Versions/C/Foundation
0x0000000008b89000 	/System/Library/Frameworks/AppKit.framework/Versions/C/AppKit
0x0000000008b89000 	/System/Library/Frameworks/CoreData.framework/Versions/A/CoreData
0x0000000008b89000 	/System/Library/PrivateFrameworks/RemoteViewServices.framework/Versions/A/RemoteViewServices
0x0000000008b89000 	/System/Library/PrivateFrameworks/UIFoundation.framework/Versions/A/UIFoundation
0x0000000008b89000 	/System/Library/Frameworks/IOSurface.framework/Versions/A/IOSurface
0x0000000008b89000 	/System/Library/Frameworks/AudioToolbox.framework/Versions/A/AudioToolbox
0x0000000008b89000 	/System/Library/Frameworks/AudioUnit.framework/Versions/A/AudioUnit
0x0000000008b89000 	/System/Library/PrivateFrameworks/DataDetectorsCore.framework/Versions/A/DataDetectorsCore
0x0000000008b89000 	/System/Library/PrivateFrameworks/DesktopServicesPriv.framework/Versions/A/DesktopServicesPriv
0x0000000008b89000 	/System/Library/Frameworks/Carbon.framework/Versions/A/Frameworks/HIToolbox.framework/Versions/A/HIToolbox
0x0000000008b89000 	/System/Library/Frameworks/QuartzCore.framework/Versions/A/QuartzCore
0x0000000008b89000 	/System/Library/Frameworks/Carbon.framework/Versions/A/Frameworks/SpeechRecognition.framework/Versions/A/SpeechRecognition
0x0000000008b89000 	/usr/lib/libauto.dylib
0x0000000008b89000 	/usr/lib/libicucore.A.dylib
0x0000000008b89000 	/usr/lib/libxml2.2.dylib
0x0000000008b89000 	/System/Library/PrivateFrameworks/CoreUI.framework/Versions/A/CoreUI
0x0000000008b89000 	/System/Library/Frameworks/CoreAudio.framework/Versions/A/CoreAudio
0x0000000008b89000 	/System/Library/Frameworks/DiskArbitration.framework/Versions/A/DiskArbitration
0x0000000008b89000 	/usr/lib/liblangid.dylib
0x0000000008b89000 	/System/Library/PrivateFrameworks/MultitouchSupport.framework/Versions/A/MultitouchSupport
0x0000000008b89000 	/System/Library/Frameworks/IOKit.framework/Versions/A/IOKit
0x0000000008b89000 	/usr/lib/libDiagnosticMessagesClient.dylib
0x0000000008b89000 	/System/Library/Frameworks/CoreServices.framework/Versions/A/CoreServices
0x0000000008b89000 	/System/Library/PrivateFrameworks/PerformanceAnalysis.framework/Versions/A/PerformanceAnalysis
0x0000000008b89000 	/System/Library/PrivateFrameworks/GenerationalStorage.framework/Versions/A/GenerationalStorage
0x0000000008b89000 	/System/Library/Frameworks/OpenGL.framework/Versions/A/OpenGL
0x0000000008b89000 	/System/Library/PrivateFrameworks/Sharing.framework/Versions/A/Sharing
0x0000000008b89000 	/System/Library/Frameworks/CoreGraphics.framework/Versions/A/CoreGraphics
0x0000000008b89000 	/System/Library/Frameworks/CoreText.framework/Versions/A/CoreText
0x0000000008b89000 	/System/Library/Frameworks/ImageIO.framework/Versions/A/ImageIO
0x0000000008b89000 	/usr/lib/libextension.dylib
0x0000000008b89000 	/System/Library/PrivateFrameworks/Backup.framework/Versions/A/Backup
0x0000000008b89000 	/usr/lib/libarchive.2.dylib
0x0000000008b89000 	/System/Library/Frameworks/CFNetwork.framework/Versions/A/CFNetwork
0x0000000008b89000 	/System/Library/Frameworks/SystemConfiguration.framework/Versions/A/SystemConfiguration
0x0000000008b89000 	/usr/lib/libCRFSuite.dylib
0x0000000008b89000 	/usr/lib/libc++.1.dylib
0x0000000008b89000 	/usr/lib/libc++abi.dylib
0x0000000008b89000 	/usr/lib/system/libcache.dylib
0x0000000008b89000 	/usr/lib/system/libcommonCrypto.dylib
0x0000000008b89000 	/usr/lib/system/libcompiler_rt.dylib
0x0000000008b89000 	/usr/lib/system/libcopyfile.dylib
0x0000000008b89000 	/usr/lib/system/libcorecrypto.dylib
0x0000000008b89000 	/usr/lib/system/libdispatch.dylib
0x0000000008b89000 	/usr/lib/system/libdyld.dylib
0x0000000008b89000 	/usr/lib/system/libkeymgr.dylib
0x0000000008b89000 	/usr/lib/system/liblaunch.dylib
0x0000000008b89000 	/usr/lib/system/libmacho.dylib
0x0000000008b89000 	/usr/lib/system/libquarantine.dylib
0x0000000008b89000 	/usr/lib/system/libremovefile.dylib
0x0000000008b89000 	/usr/lib/system/libsystem_asl.dylib
0x0000000008b89000 	/usr/lib/system/libsystem_blocks.dylib
0x0000000008b89000 	/usr/lib/system/libsystem_c.dylib
0x0000000008b89000 	/usr/lib/system/libsystem_configuration.dylib
0x0000000008b89000 	/usr/lib/system/libsystem_coreservices.dylib
0x0000000008b89000 	/usr/lib/system/libsystem_coretls.dylib
0x0000000008b89000 	/usr/lib/system/libsystem_dnssd.dylib
0x0000000008b89000 	/usr/lib/system/libsystem_info.dylib
0x0000000008b89000 	/usr/lib/system/libsystem_kernel.dylib
0x0000000008b89000 	/usr/lib/system/libsystem_m.dylib
0x0000000008b89000 	/usr/lib/system/libsystem_malloc.dylib
0x0000000008b89000 	/usr/lib/system/libsystem_network.dylib
0x0000000008b89000 	/usr/lib/system/libsystem_networkextension.dylib
0x0000000008b89000 	/usr/lib/system/libsystem_notify.dylib
0x0000000008b89000 	/usr/lib/system/libsystem_platform.dylib
0x0000000008b89000 	/usr/lib/system/libsystem_pthread.dylib
0x0000000008b89000 	/usr/lib/system/libsystem_sandbox.dylib
0x0000000008b89000 	/usr/lib/system/libsystem_secinit.dylib
0x0000000008b89000 	/usr/lib/system/libsystem_stats.dylib
0x0000000008b89000 	/usr/lib/system/libsystem_trace.dylib
0x0000000008b89000 	/usr/lib/system/libunc.dylib
0x0000000008b89000 	/usr/lib/system/libunwind.dylib
0x0000000008b89000 	/usr/lib/system/libxpc.dylib
0x0000000008b89000 	/usr/lib/libbz2.1.0.dylib
0x0000000008b89000 	/usr/lib/liblzma.5.dylib
0x0000000008b89000 	/usr/lib/libbsm.0.dylib
0x0000000008b89000 	/usr/lib/libsqlite3.dylib
0x0000000008b89000 	/usr/lib/system/libkxld.dylib
0x0000000008b89000 	/usr/lib/libxar.1.dylib
0x0000000008b89000 	/usr/lib/libpam.2.dylib
0x0000000008b89000 	/usr/lib/libOpenScriptingUtil.dylib
0x0000000008b89000 	/System/Library/Frameworks/CoreServices.framework/Versions/A/Frameworks/FSEvents.framework/Versions/A/FSEvents
0x0000000008b89000 	/System/Library/Frameworks/CoreServices.framework/Versions/A/Frameworks/CarbonCore.framework/Versions/A/CarbonCore
0x0000000008b89000 	/System/Library/Frameworks/CoreServices.framework/Versions/A/Frameworks/Metadata.framework/Versions/A/Metadata
0x0000000008b89000 	/System/Library/Frameworks/CoreServices.framework/Versions/A/Frameworks/OSServices.framework/Versions/A/OSServices
0x0000000008b89000 	/System/Library/Frameworks/CoreServices.framework/Versions/A/Frameworks/SearchKit.framework/Versions/A/SearchKit
0x0000000008b89000 	/System/Library/Frameworks/CoreServices.framework/Versions/A/Frameworks/AE.framework/Versions/A/AE
0x0000000008b89000 	/System/Library/Frameworks/CoreServices.framework/Versions/A/Frameworks/LaunchServices.framework/Versions/A/LaunchServices
0x0000000008b89000 	/System/Library/Frameworks/CoreServices.framework/Versions/A/Frameworks/DictionaryServices.framework/Versions/A/DictionaryServices
0x0000000008b89000 	/System/Library/Frameworks/NetFS.framework/Versions/A/NetFS
0x0000000008b89000 	/System/Library/PrivateFrameworks/NetAuth.framework/Versions/A/NetAuth
0x0000000008b89000 	/System/Library/PrivateFrameworks/login.framework/Versions/A/Frameworks/loginsupport.framework/Versions/A/loginsupport
0x0000000008b89000 	/System/Library/PrivateFrameworks/TCC.framework/Versions/A/TCC
0x0000000008b89000 	/usr/lib/libmecabra.dylib
0x0000000008b89000 	/System/Library/Frameworks/ApplicationServices.framework/Versions/A/Frameworks/ATS.framework/Versions/A/ATS
0x0000000008b89000 	/System/Library/Frameworks/ApplicationServices.framework/Versions/A/Frameworks/ColorSync.framework/Versions/A/ColorSync
0x0000000008b89000 	/System/Library/Frameworks/ApplicationServices.framework/Versions/A/Frameworks/HIServices.framework/Versions/A/HIServices
0x0000000008b89000 	/System/Library/Frameworks/ApplicationServices.framework/Versions/A/Frameworks/LangAnalysis.framework/Versions/A/LangAnalysis
0x0000000008b89000 	/System/Library/Frameworks/ApplicationServices.framework/Versions/A/Frameworks/PrintCore.framework/Versions/A/PrintCore
0x0000000008b89000 	/System/Library/Frameworks/ApplicationServices.framework/Versions/A/Frameworks/QD.framework/Versions/A/QD
0x0000000008b89000 	/System/Library/Frameworks/ApplicationServices.framework/Versions/A/Frameworks/SpeechSynthesis.framework/Versions/A/SpeechSynthesis
0x0000000008b89000 	/System/Library/Frameworks/Accelerate.framework/Versions/A/Accelerate
0x0000000008b89000 	/System/Library/Frameworks/Accelerate.framework/Versions/A/Frameworks/vImage.framework/Versions/A/vImage
0x0000000008b89000 	/System/Library/Frameworks/Accelerate.framework/Versions/A/Frameworks/vecLib.framework/Versions/A/vecLib
0x0000000008b89000 	/System/Library/Frameworks/Accelerate.framework/Versions/A/Frameworks/vecLib.framework/Versions/A/libvDSP.dylib
0x0000000008b89000 	/System/Library/Frameworks/Accelerate.framework/Versions/A/Frameworks/vecLib.framework/Versions/A/libvMisc.dylib
0x0000000008b89000 	/System/Library/Frameworks/Accelerate.framework/Versions/A/Frameworks/vecLib.framework/Versions/A/libLAPACK.dylib
0x0000000008b89000 	/System/Library/Frameworks/Accelerate.framework/Versions/A/Frameworks/vecLib.framework/Versions/A/libBLAS.dylib
0x0000000008b89000 	/System/Library/Frameworks/Accelerate.framework/Versions/A/Frameworks/vecLib.framework/Versions/A/libLinearAlgebra.dylib
0x0000000008b89000 	/System/Library/Frameworks/ApplicationServices.framework/Versions/A/Frameworks/ATS.framework/Versions/A/Resources/libFontParser.dylib
0x0000000008b89000 	/System/Library/Frameworks/ApplicationServices.framework/Versions/A/Frameworks/ATS.framework/Versions/A/Resources/libFontRegistry.dylib
0x0000000008b89000 	/System/Library/PrivateFrameworks/AppleVPA.framework/Versions/A/AppleVPA
0x0000000008b89000 	/System/Library/PrivateFrameworks/AppleJPEG.framework/Versions/A/AppleJPEG
0x0000000008b89000 	/System/Library/Frameworks/ImageIO.framework/Versions/A/Resources/libJPEG.dylib
0x0000000008b89000 	/System/Library/Frameworks/ImageIO.framework/Versions/A/Resources/libTIFF.dylib
0x0000000008b89000 	/System/Library/Frameworks/ImageIO.framework/Versions/A/Resources/libPng.dylib
0x0000000008b89000 	/System/Library/Frameworks/ImageIO.framework/Versions/A/Resources/libGIF.dylib
0x0000000008b89000 	/System/Library/Frameworks/ImageIO.framework/Versions/A/Resources/libJP2.dylib
0x0000000008b89000 	/System/Library/Frameworks/ImageIO.framework/Versions/A/Resources/libRadiance.dylib
0x0000000008b89000 	/System/Library/Frameworks/CoreVideo.framework/Versions/A/CoreVideo
0x0000000008b89000 	/System/Library/Frameworks/OpenGL.framework/Versions/A/Libraries/libGLU.dylib
0x0000000008b89000 	/System/Library/Frameworks/OpenGL.framework/Versions/A/Libraries/libGFXShared.dylib
0x0000000008b89000 	/System/Library/Frameworks/OpenGL.framework/Versions/A/Libraries/libGL.dylib
0x0000000008b89000 	/System/Library/Frameworks/OpenGL.framework/Versions/A/Libraries/libGLImage.dylib
0x0000000008b89000 	/System/Library/Frameworks/OpenGL.framework/Versions/A/Libraries/libCVMSPluginSupport.dylib
0x0000000008b89000 	/System/Library/Frameworks/OpenGL.framework/Versions/A/Libraries/libCoreVMClient.dylib
0x0000000008b89000 	/usr/lib/libcups.2.dylib
0x0000000008b89000 	/System/Library/Frameworks/Kerberos.framework/Versions/A/Kerberos
0x0000000008b89000 	/System/Library/Frameworks/GSS.framework/Versions/A/GSS
0x0000000008b89000 	/usr/lib/libresolv.9.dylib
0x0000000008b89000 	/usr/lib/libiconv.2.dylib
0x0000000008b89000 	/System/Library/PrivateFrameworks/Heimdal.framework/Versions/A/Heimdal
0x0000000008b89000 	/usr/lib/libheimdal-asn1.dylib
0x0000000008b89000 	/System/Library/Frameworks/OpenDirectory.framework/Versions/A/OpenDirectory
0x0000000008b89000 	/System/Library/PrivateFrameworks/CommonAuth.framework/Versions/A/CommonAuth
0x0000000008b89000 	/System/Library/Frameworks/OpenDirectory.framework/Versions/A/Frameworks/CFOpenDirectory.framework/Versions/A/CFOpenDirectory
0x0000000008b89000 	/System/Library/Frameworks/SecurityFoundation.framework/Versions/A/SecurityFoundation
0x0000000008b89000 	/System/Library/PrivateFrameworks/LanguageModeling.framework/Versions/A/LanguageModeling
0x0000000008b89000 	/usr/lib/libcmph.dylib
0x0000000008b89000 	/System/Library/Frameworks/ServiceManagement.framework/Versions/A/ServiceManagement
0x0000000008b89000 	/usr/lib/libxslt.1.dylib
0x0000000008b89000 	/System/Library/Frameworks/Carbon.framework/Versions/A/Frameworks/Ink.framework/Versions/A/Ink
0x0000000008b89000 	/System/Library/Frameworks/QuartzCore.framework/Versions/A/Frameworks/CoreImage.framework/Versions/A/CoreImage
0x0000000008b89000 	/System/Library/PrivateFrameworks/CrashReporterSupport.framework/Versions/A/CrashReporterSupport
0x0000000008b89000 	/System/Library/Frameworks/OpenCL.framework/Versions/A/OpenCL
0x0000000008b89000 	/System/Library/PrivateFrameworks/FaceCore.framework/Versions/A/FaceCore
0x0000000008b89000 	/System/Library/PrivateFrameworks/Ubiquity.framework/Versions/A/Ubiquity
0x0000000008b89000 	/System/Library/PrivateFrameworks/IconServices.framework/Versions/A/IconServices
0x0000000008b89000 	/System/Library/PrivateFrameworks/ChunkingLibrary.framework/Versions/A/ChunkingLibrary
0x0000000008b89000 	/System/Library/PrivateFrameworks/Apple80211.framework/Versions/A/Apple80211
0x0000000008b89000 	/System/Library/Frameworks/CoreWLAN.framework/Versions/A/CoreWLAN
0x0000000008b89000 	/System/Library/Frameworks/IOBluetooth.framework/Versions/A/IOBluetooth
0x0000000008b89000 	/System/Library/PrivateFrameworks/CoreWiFi.framework/Versions/A/CoreWiFi
0x0000000008b89000 	/System/Library/Frameworks/CoreBluetooth.framework/Versions/A/CoreBluetooth
0x0000000008b89000 	/System/Library/PrivateFrameworks/DebugSymbols.framework/Versions/A/DebugSymbols
0x0000000008b89000 	/System/Library/PrivateFrameworks/CoreSymbolication.framework/Versions/A/CoreSymbolication
0x0000000008b89000 	/System/Library/PrivateFrameworks/Symbolication.framework/Versions/A/Symbolication
0x0000000008b89000 	/System/Library/PrivateFrameworks/SpeechRecognitionCore.framework/Versions/A/SpeechRecognitionCore
0x0000000106600000 	/Library/Java/JavaVirtualMachines/jdk1.8.0_40.jdk/Contents/Home/jre/lib/server/libjvm.dylib
0x0000000008b89000 	/usr/lib/libstdc++.6.dylib
0x0000000105d3a000 	/Library/Java/JavaVirtualMachines/jdk1.8.0_40.jdk/Contents/Home/jre/lib/libverify.dylib
0x0000000105d48000 	/Library/Java/JavaVirtualMachines/jdk1.8.0_40.jdk/Contents/Home/jre/lib/libjava.dylib
0x0000000105d7e000 	/Library/Java/JavaVirtualMachines/jdk1.8.0_40.jdk/Contents/Home/jre/lib/libjdwp.dylib
0x0000000105dc9000 	/Library/Java/JavaVirtualMachines/jdk1.8.0_40.jdk/Contents/Home/jre/lib/libnpt.dylib
0x0000000105dd6000 	/Library/Java/JavaVirtualMachines/jdk1.8.0_40.jdk/Contents/Home/jre/lib/libzip.dylib
0x000000011b063000 	/System/Library/Frameworks/JavaVM.framework/Frameworks/JavaRuntimeSupport.framework/JavaRuntimeSupport
0x000000011b079000 	/System/Library/Frameworks/JavaVM.framework/Versions/A/Frameworks/JavaNativeFoundation.framework/Versions/A/JavaNativeFoundation
0x0000000105df4000 	/System/Library/Frameworks/JavaVM.framework/Versions/A/JavaVM
0x0000000008b89000 	/System/Library/Frameworks/Carbon.framework/Versions/A/Carbon
0x000000011b08d000 	/System/Library/PrivateFrameworks/JavaLaunching.framework/Versions/A/JavaLaunching
0x0000000008b89000 	/System/Library/Frameworks/Carbon.framework/Versions/A/Frameworks/CommonPanels.framework/Versions/A/CommonPanels
0x0000000008b89000 	/System/Library/Frameworks/Carbon.framework/Versions/A/Frameworks/Help.framework/Versions/A/Help
0x0000000008b89000 	/System/Library/Frameworks/Carbon.framework/Versions/A/Frameworks/ImageCapture.framework/Versions/A/ImageCapture
0x0000000008b89000 	/System/Library/Frameworks/Carbon.framework/Versions/A/Frameworks/OpenScripting.framework/Versions/A/OpenScripting
0x0000000008b89000 	/System/Library/Frameworks/Carbon.framework/Versions/A/Frameworks/Print.framework/Versions/A/Print
0x0000000008b89000 	/System/Library/Frameworks/Carbon.framework/Versions/A/Frameworks/SecurityHI.framework/Versions/A/SecurityHI
0x000000011c9f4000 	/Library/Java/JavaVirtualMachines/jdk1.8.0_40.jdk/Contents/Home/jre/lib/libdt_socket.dylib
0x000000011d21d000 	/Library/Java/JavaVirtualMachines/jdk1.8.0_40.jdk/Contents/Home/jre/lib/libnet.dylib

VM Arguments:
jvm_args: -agentlib:jdwp=transport=dt_socket,suspend=y,address=localhost:49634 -Dfile.encoding=UTF-8 
java_command: org.eclipse.jdt.internal.junit.runner.RemoteTestRunner -version 3 -port 49633 -testLoaderClass org.eclipse.jdt.internal.junit4.runner.JUnit4TestLoader -loaderpluginname org.eclipse.jdt.junit4.runtime -test test.TestCanchaFutbol:testCalendarioNoDebePermitirAgragarUnaReservaEnUnHorarioYaReservado
java_class_path (initial): /Users/smoreno/Documents/workspace/canchaFutbol/bin:/Applications/eclipse/plugins/org.junit_4.11.0.v201303080030/junit.jar:/Applications/eclipse/plugins/org.hamcrest.core_1.3.0.v201303031735.jar:/Applications/eclipse/configuration/org.eclipse.osgi/204/0/.cp/:/Applications/eclipse/configuration/org.eclipse.osgi/203/0/.cp/
Launcher Type: SUN_STANDARD

Environment Variables:
PATH=/usr/bin:/bin:/usr/sbin:/sbin
SHELL=/bin/bash

Signal Handlers:
SIGSEGV: [libjvm.dylib+0x58ef95], sa_mask[0]=11111111011111110111111111111111, sa_flags=SA_ONSTACK|SA_RESTART|SA_SIGINFO
SIGBUS: [libjvm.dylib+0x58ef95], sa_mask[0]=11111111011111110111111111111111, sa_flags=SA_RESTART|SA_SIGINFO
SIGFPE: [libjvm.dylib+0x46c118], sa_mask[0]=11111111011111110111111111111111, sa_flags=SA_RESTART|SA_SIGINFO
SIGPIPE: [libjvm.dylib+0x46c118], sa_mask[0]=11111111011111110111111111111111, sa_flags=SA_RESTART|SA_SIGINFO
SIGXFSZ: [libjvm.dylib+0x46c118], sa_mask[0]=11111111011111110111111111111111, sa_flags=SA_RESTART|SA_SIGINFO
SIGILL: [libjvm.dylib+0x46c118], sa_mask[0]=11111111011111110111111111111111, sa_flags=SA_RESTART|SA_SIGINFO
SIGUSR1: SIG_DFL, sa_mask[0]=00000000000000000000000000000000, sa_flags=none
SIGUSR2: [libjvm.dylib+0x46bc36], sa_mask[0]=00100000000000000000000000000000, sa_flags=SA_RESTART|SA_SIGINFO
SIGHUP: [libjvm.dylib+0x46a209], sa_mask[0]=11111111011111110111111111111111, sa_flags=SA_RESTART|SA_SIGINFO
SIGINT: [libjvm.dylib+0x46a209], sa_mask[0]=11111111011111110111111111111111, sa_flags=SA_RESTART|SA_SIGINFO
SIGTERM: [libjvm.dylib+0x46a209], sa_mask[0]=11111111011111110111111111111111, sa_flags=SA_RESTART|SA_SIGINFO
SIGQUIT: [libjvm.dylib+0x46a209], sa_mask[0]=11111111011111110111111111111111, sa_flags=SA_RESTART|SA_SIGINFO


---------------  S Y S T E M  ---------------

OS:Bsduname:Darwin 14.3.0 Darwin Kernel Version 14.3.0: Mon Mar 23 11:59:05 PDT 2015; root:xnu-2782.20.48~5/RELEASE_X86_64 x86_64
rlimit: STACK 8192k, CORE 0k, NPROC 709, NOFILE 10240, AS infinity
load average:2.55 2.34 2.31

CPU:total 4 (2 cores per cpu, 2 threads per core) family 6 model 69 stepping 1, cmov, cx8, fxsr, mmx, sse, sse2, sse3, ssse3, sse4.1, sse4.2, popcnt, avx, avx2, aes, clmul, erms, lzcnt, ht, tsc, tscinvbit, bmi1, bmi2

Memory: 4k page, physical 4194304k(39784k free)

/proc/meminfo:


vm_info: Java HotSpot(TM) 64-Bit Server VM (25.40-b25) for bsd-amd64 JRE (1.8.0_40-b25), built on Feb 10 2015 21:07:25 by "java_re" with gcc 4.2.1 (Based on Apple Inc. build 5658) (LLVM build 2336.11.00)

time: Tue Jul  7 00:31:37 2015
elapsed time: 2681 seconds (0d 0h 44m 41s)

